[2023-04-15 12:02:31,692] {taskinstance.py:877} INFO - Dependencies all met for <TaskInstance: spotify_final_dag.create_table 2023-04-15T12:02:23.309632+00:00 [queued]>
[2023-04-15 12:02:31,840] {taskinstance.py:877} INFO - Dependencies all met for <TaskInstance: spotify_final_dag.create_table 2023-04-15T12:02:23.309632+00:00 [queued]>
[2023-04-15 12:02:31,845] {taskinstance.py:1068} INFO - 
--------------------------------------------------------------------------------
[2023-04-15 12:02:31,856] {taskinstance.py:1069} INFO - Starting attempt 1 of 2
[2023-04-15 12:02:31,871] {taskinstance.py:1070} INFO - 
--------------------------------------------------------------------------------
[2023-04-15 12:02:32,226] {taskinstance.py:1089} INFO - Executing <Task(PostgresOperator): create_table> on 2023-04-15T12:02:23.309632+00:00
[2023-04-15 12:02:32,259] {standard_task_runner.py:52} INFO - Started process 80 to run task
[2023-04-15 12:02:32,289] {standard_task_runner.py:76} INFO - Running: ['airflow', 'tasks', 'run', 'spotify_final_dag', 'create_table', '2023-04-15T12:02:23.309632+00:00', '--job-id', '165', '--pool', 'default_pool', '--raw', '--subdir', 'DAGS_FOLDER/spotify_final_dag.py', '--cfg-path', '/tmp/tmps9cbh15k', '--error-file', '/tmp/tmphn_ybz9v']
[2023-04-15 12:02:32,303] {standard_task_runner.py:77} INFO - Job 165: Subtask create_table
[2023-04-15 12:02:32,913] {logging_mixin.py:104} INFO - Running <TaskInstance: spotify_final_dag.create_table 2023-04-15T12:02:23.309632+00:00 [running]> on host 75651b8604e6
[2023-04-15 12:02:33,347] {taskinstance.py:1283} INFO - Exporting the following env vars:
AIRFLOW_CTX_DAG_EMAIL=airflow@example.com
AIRFLOW_CTX_DAG_OWNER=airflow
AIRFLOW_CTX_DAG_ID=spotify_final_dag
AIRFLOW_CTX_TASK_ID=create_table
AIRFLOW_CTX_EXECUTION_DATE=2023-04-15T12:02:23.309632+00:00
AIRFLOW_CTX_DAG_RUN_ID=manual__2023-04-15T12:02:23.309632+00:00
[2023-04-15 12:02:33,362] {postgres.py:69} INFO - Executing: 
            CREATE TABLE IF NOT EXISTS top_songs (
            id SERIAL PRIMARY KEY,
            song_date VARCHAR(200),
            song_name VARCHAR(200),
            artist_name VARCHAR(200)
            );
[2023-04-15 12:02:33,415] {base.py:78} INFO - Using connection to: id: postgre_sql. Host: postgres, Port: 5432, Schema: airflow, Login: airflow, Password: XXXXXXXX, extra: None
[2023-04-15 12:02:33,444] {dbapi.py:180} INFO - Running statement: 
            CREATE TABLE IF NOT EXISTS top_songs (
            id SERIAL PRIMARY KEY,
            song_date VARCHAR(200),
            song_name VARCHAR(200),
            artist_name VARCHAR(200)
            );, parameters: None
[2023-04-15 12:02:34,016] {dbapi.py:186} INFO - Rows affected: -1
[2023-04-15 12:02:34,257] {taskinstance.py:1192} INFO - Marking task as SUCCESS. dag_id=spotify_final_dag, task_id=create_table, execution_date=20230415T120223, start_date=20230415T120231, end_date=20230415T120234
[2023-04-15 12:02:34,477] {taskinstance.py:1246} INFO - 1 downstream tasks scheduled from follow-on schedule check
[2023-04-15 12:02:34,522] {local_task_job.py:146} INFO - Task exited with return code 0
